# JRE version: OpenJDK Runtime Environment (8.0_31-b13) (build 1.8.0_31-b13)
# Java VM: OpenJDK 64-Bit Server VM (25.31-b07 mixed mode linux-amd64 compressed oops)
Heap:
 PSYoungGen      total 698368K, used 488671K [0x000000076ab00000, 0x0000000795580000, 0x00000007c0000000)
  eden space 697856K, 70% used [0x000000076ab00000,0x000000078880ffe0,0x0000000795480000)
  from space 512K, 31% used [0x0000000795500000,0x0000000795528000,0x0000000795580000)
  to   space 512K, 0% used [0x0000000795480000,0x0000000795480000,0x0000000795500000)
 ParOldGen       total 1398272K, used 5281K [0x00000006c0000000, 0x0000000715580000, 0x000000076ab00000)
  object space 1398272K, 0% used [0x00000006c0000000,0x00000006c05287e0,0x0000000715580000)
 Metaspace       used 16144K, capacity 16278K, committed 16640K, reserved 1064960K
  class space    used 1921K, capacity 1955K, committed 2048K, reserved 1048576K
GC Heap History (10 events):
Event: 205.920 GC heap before
{Heap before GC invocations=234 (full 0):
 PSYoungGen      total 698368K, used 698016K [0x000000076ab00000, 0x0000000795580000, 0x00000007c0000000)
  eden space 697856K, 100% used [0x000000076ab00000,0x0000000795480000,0x0000000795480000)
  from space 512K, 31% used [0x0000000795480000,0x00000007954a8000,0x0000000795500000)
  to   space 512K, 0% used [0x0000000795500000,0x0000000795500000,0x0000000795580000)
 ParOldGen       total 1398272K, used 5281K [0x00000006c0000000, 0x0000000715580000, 0x000000076ab00000)
  object space 1398272K, 0% used [0x00000006c0000000,0x00000006c05287e0,0x0000000715580000)
 Metaspace       used 16144K, capacity 16278K, committed 16640K, reserved 1064960K
  class space    used 1921K, capacity 1955K, committed 2048K, reserved 1048576K
Event: 205.921 GC heap after
Heap after GC invocations=234 (full 0):
 PSYoungGen      total 698368K, used 160K [0x000000076ab00000, 0x0000000795580000, 0x00000007c0000000)
  eden space 697856K, 0% used [0x000000076ab00000,0x000000076ab00000,0x0000000795480000)
  from space 512K, 31% used [0x0000000795500000,0x0000000795528000,0x0000000795580000)
  to   space 512K, 0% used [0x0000000795480000,0x0000000795480000,0x0000000795500000)
 ParOldGen       total 1398272K, used 5281K [0x00000006c0000000, 0x0000000715580000, 0x000000076ab00000)
  object space 1398272K, 0% used [0x00000006c0000000,0x00000006c05287e0,0x0000000715580000)
 Metaspace       used 16144K, capacity 16278K, committed 16640K, reserved 1064960K
  class space    used 1921K, capacity 1955K, committed 2048K, reserved 1048576K
}
Event: 206.431 GC heap before
{Heap before GC invocations=235 (full 0):
 PSYoungGen      total 698368K, used 698016K [0x000000076ab00000, 0x0000000795580000, 0x00000007c0000000)
  eden space 697856K, 100% used [0x000000076ab00000,0x0000000795480000,0x0000000795480000)
  from space 512K, 31% used [0x0000000795500000,0x0000000795528000,0x0000000795580000)
  to   space 512K, 0% used [0x0000000795480000,0x0000000795480000,0x0000000795500000)
 ParOldGen       total 1398272K, used 5281K [0x00000006c0000000, 0x0000000715580000, 0x000000076ab00000)
  object space 1398272K, 0% used [0x00000006c0000000,0x00000006c05287e0,0x0000000715580000)
 Metaspace       used 16144K, capacity 16278K, committed 16640K, reserved 1064960K
  class space    used 1921K, capacity 1955K, committed 2048K, reserved 1048576K
Event: 206.432 GC heap after
Heap after GC invocations=235 (full 0):
 PSYoungGen      total 698368K, used 160K [0x000000076ab00000, 0x0000000795580000, 0x00000007c0000000)
  eden space 697856K, 0% used [0x000000076ab00000,0x000000076ab00000,0x0000000795480000)
  from space 512K, 31% used [0x0000000795480000,0x00000007954a8000,0x0000000795500000)
  to   space 512K, 0% used [0x0000000795500000,0x0000000795500000,0x0000000795580000)
 ParOldGen       total 1398272K, used 5281K [0x00000006c0000000, 0x0000000715580000, 0x000000076ab00000)
  object space 1398272K, 0% used [0x00000006c0000000,0x00000006c05287e0,0x0000000715580000)
 Metaspace       used 16144K, capacity 16278K, committed 16640K, reserved 1064960K
  class space    used 1921K, capacity 1955K, committed 2048K, reserved 1048576K
}
Event: 206.904 GC heap before
{Heap before GC invocations=236 (full 0):
 PSYoungGen      total 698368K, used 698016K [0x000000076ab00000, 0x0000000795580000, 0x00000007c0000000)
  eden space 697856K, 100% used [0x000000076ab00000,0x0000000795480000,0x0000000795480000)
  from space 512K, 31% used [0x0000000795480000,0x00000007954a8000,0x0000000795500000)
  to   space 512K, 0% used [0x0000000795500000,0x0000000795500000,0x0000000795580000)
 ParOldGen       total 1398272K, used 5281K [0x00000006c0000000, 0x0000000715580000, 0x000000076ab00000)
  object space 1398272K, 0% used [0x00000006c0000000,0x00000006c05287e0,0x0000000715580000)
 Metaspace       used 16144K, capacity 16278K, committed 16640K, reserved 1064960K
  class space    used 1921K, capacity 1955K, committed 2048K, reserved 1048576K
Event: 206.906 GC heap after
Heap after GC invocations=236 (full 0):
 PSYoungGen      total 698368K, used 160K [0x000000076ab00000, 0x0000000795580000, 0x00000007c0000000)
  eden space 697856K, 0% used [0x000000076ab00000,0x000000076ab00000,0x0000000795480000)
  from space 512K, 31% used [0x0000000795500000,0x0000000795528000,0x0000000795580000)
  to   space 512K, 0% used [0x0000000795480000,0x0000000795480000,0x0000000795500000)
 ParOldGen       total 1398272K, used 5281K [0x00000006c0000000, 0x0000000715580000, 0x000000076ab00000)
  object space 1398272K, 0% used [0x00000006c0000000,0x00000006c05287e0,0x0000000715580000)
 Metaspace       used 16144K, capacity 16278K, committed 16640K, reserved 1064960K
  class space    used 1921K, capacity 1955K, committed 2048K, reserved 1048576K
}
Event: 207.368 GC heap before
{Heap before GC invocations=237 (full 0):
 PSYoungGen      total 698368K, used 698016K [0x000000076ab00000, 0x0000000795580000, 0x00000007c0000000)
  eden space 697856K, 100% used [0x000000076ab00000,0x0000000795480000,0x0000000795480000)
  from space 512K, 31% used [0x0000000795500000,0x0000000795528000,0x0000000795580000)
  to   space 512K, 0% used [0x0000000795480000,0x0000000795480000,0x0000000795500000)
 ParOldGen       total 1398272K, used 5281K [0x00000006c0000000, 0x0000000715580000, 0x000000076ab00000)
  object space 1398272K, 0% used [0x00000006c0000000,0x00000006c05287e0,0x0000000715580000)
 Metaspace       used 16144K, capacity 16278K, committed 16640K, reserved 1064960K
  class space    used 1921K, capacity 1955K, committed 2048K, reserved 1048576K
Event: 207.370 GC heap after
Heap after GC invocations=237 (full 0):
 PSYoungGen      total 698368K, used 160K [0x000000076ab00000, 0x0000000795580000, 0x00000007c0000000)
  eden space 697856K, 0% used [0x000000076ab00000,0x000000076ab00000,0x0000000795480000)
  from space 512K, 31% used [0x0000000795480000,0x00000007954a8000,0x0000000795500000)
  to   space 512K, 0% used [0x0000000795500000,0x0000000795500000,0x0000000795580000)
 ParOldGen       total 1398272K, used 5281K [0x00000006c0000000, 0x0000000715580000, 0x000000076ab00000)
  object space 1398272K, 0% used [0x00000006c0000000,0x00000006c05287e0,0x0000000715580000)
 Metaspace       used 16144K, capacity 16278K, committed 16640K, reserved 1064960K
  class space    used 1921K, capacity 1955K, committed 2048K, reserved 1048576K
}
Event: 207.868 GC heap before
{Heap before GC invocations=238 (full 0):
 PSYoungGen      total 698368K, used 698016K [0x000000076ab00000, 0x0000000795580000, 0x00000007c0000000)
  eden space 697856K, 100% used [0x000000076ab00000,0x0000000795480000,0x0000000795480000)
  from space 512K, 31% used [0x0000000795480000,0x00000007954a8000,0x0000000795500000)
  to   space 512K, 0% used [0x0000000795500000,0x0000000795500000,0x0000000795580000)
 ParOldGen       total 1398272K, used 5281K [0x00000006c0000000, 0x0000000715580000, 0x000000076ab00000)
  object space 1398272K, 0% used [0x00000006c0000000,0x00000006c05287e0,0x0000000715580000)
 Metaspace       used 16144K, capacity 16278K, committed 16640K, reserved 1064960K
  class space    used 1921K, capacity 1955K, committed 2048K, reserved 1048576K
Event: 207.869 GC heap after
Heap after GC invocations=238 (full 0):
 PSYoungGen      total 698368K, used 160K [0x000000076ab00000, 0x0000000795580000, 0x00000007c0000000)
  eden space 697856K, 0% used [0x000000076ab00000,0x000000076ab00000,0x0000000795480000)
  from space 512K, 31% used [0x0000000795500000,0x0000000795528000,0x0000000795580000)
  to   space 512K, 0% used [0x0000000795480000,0x0000000795480000,0x0000000795500000)
 ParOldGen       total 1398272K, used 5281K [0x00000006c0000000, 0x0000000715580000, 0x000000076ab00000)
  object space 1398272K, 0% used [0x00000006c0000000,0x00000006c05287e0,0x0000000715580000)
 Metaspace       used 16144K, capacity 16278K, committed 16640K, reserved 1064960K
  class space    used 1921K, capacity 1955K, committed 2048K, reserved 1048576K
}

