# JRE version: OpenJDK Runtime Environment (8.0_20-b23) (build 1.8.0_20-b23)
# Java VM: OpenJDK 64-Bit Server VM (25.20-b22 mixed mode linux-amd64 compressed oops)
Heap:
 PSYoungGen      total 145408K, used 98322K [0x00000000d6d00000, 0x00000000f4100000, 0x0000000100000000)
  eden space 140288K, 70% used [0x00000000d6d00000,0x00000000dccecbd0,0x00000000df600000)
  from space 5120K, 1% used [0x00000000f3700000,0x00000000f3718000,0x00000000f3c00000)
  to   space 5120K, 0% used [0x00000000f3c00000,0x00000000f3c00000,0x00000000f4100000)
 ParOldGen       total 84992K, used 45939K [0x0000000084600000, 0x0000000089900000, 0x00000000d6d00000)
  object space 84992K, 54% used [0x0000000084600000,0x00000000872dcc90,0x0000000089900000)
 Metaspace       used 17203K, capacity 17334K, committed 17536K, reserved 1064960K
  class space    used 1989K, capacity 2051K, committed 2176K, reserved 1048576K
GC Heap History (10 events):
Event: 26.367 GC heap before
{Heap before GC invocations=17 (full 0):
 PSYoungGen      total 172544K, used 172448K [0x00000000d6d00000, 0x00000000f4b00000, 0x0000000100000000)
  eden space 172032K, 100% used [0x00000000d6d00000,0x00000000e1500000,0x00000000e1500000)
  from space 512K, 81% used [0x00000000f4a80000,0x00000000f4ae8000,0x00000000f4b00000)
  to   space 6144K, 0% used [0x00000000f3f00000,0x00000000f3f00000,0x00000000f4500000)
 ParOldGen       total 84992K, used 45888K [0x0000000084600000, 0x0000000089900000, 0x00000000d6d00000)
  object space 84992K, 53% used [0x0000000084600000,0x00000000872d0120,0x0000000089900000)
 Metaspace       used 17198K, capacity 17334K, committed 17536K, reserved 1064960K
  class space    used 1989K, capacity 2051K, committed 2176K, reserved 1048576K
Event: 26.370 GC heap after
Heap after GC invocations=17 (full 0):
 PSYoungGen      total 171008K, used 448K [0x00000000d6d00000, 0x00000000f4b00000, 0x0000000100000000)
  eden space 164864K, 0% used [0x00000000d6d00000,0x00000000d6d00000,0x00000000e0e00000)
  from space 6144K, 7% used [0x00000000f3f00000,0x00000000f3f70000,0x00000000f4500000)
  to   space 5632K, 0% used [0x00000000f4580000,0x00000000f4580000,0x00000000f4b00000)
 ParOldGen       total 84992K, used 45896K [0x0000000084600000, 0x0000000089900000, 0x00000000d6d00000)
  object space 84992K, 54% used [0x0000000084600000,0x00000000872d2120,0x0000000089900000)
 Metaspace       used 17198K, capacity 17334K, committed 17536K, reserved 1064960K
  class space    used 1989K, capacity 2051K, committed 2176K, reserved 1048576K
}
Event: 27.437 GC heap before
{Heap before GC invocations=18 (full 0):
 PSYoungGen      total 171008K, used 165312K [0x00000000d6d00000, 0x00000000f4b00000, 0x0000000100000000)
  eden space 164864K, 100% used [0x00000000d6d00000,0x00000000e0e00000,0x00000000e0e00000)
  from space 6144K, 7% used [0x00000000f3f00000,0x00000000f3f70000,0x00000000f4500000)
  to   space 5632K, 0% used [0x00000000f4580000,0x00000000f4580000,0x00000000f4b00000)
 ParOldGen       total 84992K, used 45896K [0x0000000084600000, 0x0000000089900000, 0x00000000d6d00000)
  object space 84992K, 54% used [0x0000000084600000,0x00000000872d2120,0x0000000089900000)
 Metaspace       used 17198K, capacity 17334K, committed 17536K, reserved 1064960K
  class space    used 1989K, capacity 2051K, committed 2176K, reserved 1048576K
Event: 27.438 GC heap after
Heap after GC invocations=18 (full 0):
 PSYoungGen      total 158720K, used 288K [0x00000000d6d00000, 0x00000000f4600000, 0x0000000100000000)
  eden space 158208K, 0% used [0x00000000d6d00000,0x00000000d6d00000,0x00000000e0780000)
  from space 512K, 56% used [0x00000000f4580000,0x00000000f45c8000,0x00000000f4600000)
  to   space 5632K, 0% used [0x00000000f3b00000,0x00000000f3b00000,0x00000000f4080000)
 ParOldGen       total 84992K, used 45904K [0x0000000084600000, 0x0000000089900000, 0x00000000d6d00000)
  object space 84992K, 54% used [0x0000000084600000,0x00000000872d4120,0x0000000089900000)
 Metaspace       used 17198K, capacity 17334K, committed 17536K, reserved 1064960K
  class space    used 1989K, capacity 2051K, committed 2176K, reserved 1048576K
}
Event: 28.540 GC heap before
{Heap before GC invocations=19 (full 0):
 PSYoungGen      total 158720K, used 158496K [0x00000000d6d00000, 0x00000000f4600000, 0x0000000100000000)
  eden space 158208K, 100% used [0x00000000d6d00000,0x00000000e0780000,0x00000000e0780000)
  from space 512K, 56% used [0x00000000f4580000,0x00000000f45c8000,0x00000000f4600000)
  to   space 5632K, 0% used [0x00000000f3b00000,0x00000000f3b00000,0x00000000f4080000)
 ParOldGen       total 84992K, used 45904K [0x0000000084600000, 0x0000000089900000, 0x00000000d6d00000)
  object space 84992K, 54% used [0x0000000084600000,0x00000000872d4120,0x0000000089900000)
 Metaspace       used 17203K, capacity 17334K, committed 17536K, reserved 1064960K
  class space    used 1989K, capacity 2051K, committed 2176K, reserved 1048576K
Event: 28.541 GC heap after
Heap after GC invocations=19 (full 0):
 PSYoungGen      total 157696K, used 320K [0x00000000d6d00000, 0x00000000f4600000, 0x0000000100000000)
  eden space 152064K, 0% used [0x00000000d6d00000,0x00000000d6d00000,0x00000000e0180000)
  from space 5632K, 5% used [0x00000000f3b00000,0x00000000f3b50000,0x00000000f4080000)
  to   space 5632K, 0% used [0x00000000f4080000,0x00000000f4080000,0x00000000f4600000)
 ParOldGen       total 84992K, used 45912K [0x0000000084600000, 0x0000000089900000, 0x00000000d6d00000)
  object space 84992K, 54% used [0x0000000084600000,0x00000000872d6120,0x0000000089900000)
 Metaspace       used 17203K, capacity 17334K, committed 17536K, reserved 1064960K
  class space    used 1989K, capacity 2051K, committed 2176K, reserved 1048576K
}
Event: 29.742 GC heap before
{Heap before GC invocations=20 (full 0):
 PSYoungGen      total 157696K, used 152384K [0x00000000d6d00000, 0x00000000f4600000, 0x0000000100000000)
  eden space 152064K, 100% used [0x00000000d6d00000,0x00000000e0180000,0x00000000e0180000)
  from space 5632K, 5% used [0x00000000f3b00000,0x00000000f3b50000,0x00000000f4080000)
  to   space 5632K, 0% used [0x00000000f4080000,0x00000000f4080000,0x00000000f4600000)
 ParOldGen       total 84992K, used 45912K [0x0000000084600000, 0x0000000089900000, 0x00000000d6d00000)
  object space 84992K, 54% used [0x0000000084600000,0x00000000872d6120,0x0000000089900000)
 Metaspace       used 17203K, capacity 17334K, committed 17536K, reserved 1064960K
  class space    used 1989K, capacity 2051K, committed 2176K, reserved 1048576K
Event: 29.744 GC heap after
Heap after GC invocations=20 (full 0):
 PSYoungGen      total 146432K, used 288K [0x00000000d6d00000, 0x00000000f4100000, 0x0000000100000000)
  eden space 145920K, 0% used [0x00000000d6d00000,0x00000000d6d00000,0x00000000dfb80000)
  from space 512K, 56% used [0x00000000f4080000,0x00000000f40c8000,0x00000000f4100000)
  to   space 5120K, 0% used [0x00000000f3700000,0x00000000f3700000,0x00000000f3c00000)
 ParOldGen       total 84992K, used 45931K [0x0000000084600000, 0x0000000089900000, 0x00000000d6d00000)
  object space 84992K, 54% used [0x0000000084600000,0x00000000872dac90,0x0000000089900000)
 Metaspace       used 17203K, capacity 17334K, committed 17536K, reserved 1064960K
  class space    used 1989K, capacity 2051K, committed 2176K, reserved 1048576K
}
Event: 31.493 GC heap before
{Heap before GC invocations=21 (full 0):
 PSYoungGen      total 146432K, used 146208K [0x00000000d6d00000, 0x00000000f4100000, 0x0000000100000000)
  eden space 145920K, 100% used [0x00000000d6d00000,0x00000000dfb80000,0x00000000dfb80000)
  from space 512K, 56% used [0x00000000f4080000,0x00000000f40c8000,0x00000000f4100000)
  to   space 5120K, 0% used [0x00000000f3700000,0x00000000f3700000,0x00000000f3c00000)
 ParOldGen       total 84992K, used 45931K [0x0000000084600000, 0x0000000089900000, 0x00000000d6d00000)
  object space 84992K, 54% used [0x0000000084600000,0x00000000872dac90,0x0000000089900000)
 Metaspace       used 17203K, capacity 17334K, committed 17536K, reserved 1064960K
  class space    used 1989K, capacity 2051K, committed 2176K, reserved 1048576K
Event: 31.495 GC heap after
Heap after GC invocations=21 (full 0):
 PSYoungGen      total 145408K, used 96K [0x00000000d6d00000, 0x00000000f4100000, 0x0000000100000000)
  eden space 140288K, 0% used [0x00000000d6d00000,0x00000000d6d00000,0x00000000df600000)
  from space 5120K, 1% used [0x00000000f3700000,0x00000000f3718000,0x00000000f3c00000)
  to   space 5120K, 0% used [0x00000000f3c00000,0x00000000f3c00000,0x00000000f4100000)
 ParOldGen       total 84992K, used 45939K [0x0000000084600000, 0x0000000089900000, 0x00000000d6d00000)
  object space 84992K, 54% used [0x0000000084600000,0x00000000872dcc90,0x0000000089900000)
 Metaspace       used 17203K, capacity 17334K, committed 17536K, reserved 1064960K
  class space    used 1989K, capacity 2051K, committed 2176K, reserved 1048576K
}

