# JRE version: OpenJDK Runtime Environment (8.0_31-b13) (build 1.8.0_31-b13)
# Java VM: OpenJDK 64-Bit Server VM (25.31-b07 mixed mode linux-amd64 compressed oops)
Heap:
 PSYoungGen      total 683520K, used 253896K [0x000000076ab00000, 0x0000000795580000, 0x00000007c0000000)
  eden space 683008K, 37% used [0x000000076ab00000,0x000000077a2aa230,0x0000000794600000)
  from space 512K, 56% used [0x0000000794600000,0x0000000794648000,0x0000000794680000)
  to   space 8704K, 0% used [0x0000000794d00000,0x0000000794d00000,0x0000000795580000)
 ParOldGen       total 1398272K, used 5901K [0x00000006c0000000, 0x0000000715580000, 0x000000076ab00000)
  object space 1398272K, 0% used [0x00000006c0000000,0x00000006c05c3400,0x0000000715580000)
 Metaspace       used 17306K, capacity 17462K, committed 17792K, reserved 1064960K
  class space    used 2003K, capacity 2051K, committed 2176K, reserved 1048576K
GC Heap History (10 events):
Event: 25.090 GC heap before
{Heap before GC invocations=5 (full 0):
 PSYoungGen      total 611840K, used 530704K [0x000000076ab00000, 0x0000000795580000, 0x00000007c0000000)
  eden space 524800K, 100% used [0x000000076ab00000,0x000000078ab80000,0x000000078ab80000)
  from space 87040K, 6% used [0x0000000790080000,0x0000000790644090,0x0000000795580000)
  to   space 87040K, 0% used [0x000000078ab80000,0x000000078ab80000,0x0000000790080000)
 ParOldGen       total 1398272K, used 44K [0x00000006c0000000, 0x0000000715580000, 0x000000076ab00000)
  object space 1398272K, 0% used [0x00000006c0000000,0x00000006c000b210,0x0000000715580000)
 Metaspace       used 17289K, capacity 17398K, committed 17792K, reserved 1064960K
  class space    used 2001K, capacity 2051K, committed 2176K, reserved 1048576K
Event: 25.103 GC heap after
Heap after GC invocations=5 (full 0):
 PSYoungGen      total 611840K, used 5776K [0x000000076ab00000, 0x0000000795580000, 0x00000007c0000000)
  eden space 524800K, 0% used [0x000000076ab00000,0x000000076ab00000,0x000000078ab80000)
  from space 87040K, 6% used [0x000000078ab80000,0x000000078b124090,0x0000000790080000)
  to   space 6656K, 0% used [0x0000000794f00000,0x0000000794f00000,0x0000000795580000)
 ParOldGen       total 1398272K, used 44K [0x00000006c0000000, 0x0000000715580000, 0x000000076ab00000)
  object space 1398272K, 0% used [0x00000006c0000000,0x00000006c000b210,0x0000000715580000)
 Metaspace       used 17289K, capacity 17398K, committed 17792K, reserved 1064960K
  class space    used 2001K, capacity 2051K, committed 2176K, reserved 1048576K
}
Event: 27.183 GC heap before
{Heap before GC invocations=6 (full 0):
 PSYoungGen      total 611840K, used 530576K [0x000000076ab00000, 0x0000000795580000, 0x00000007c0000000)
  eden space 524800K, 100% used [0x000000076ab00000,0x000000078ab80000,0x000000078ab80000)
  from space 87040K, 6% used [0x000000078ab80000,0x000000078b124090,0x0000000790080000)
  to   space 6656K, 0% used [0x0000000794f00000,0x0000000794f00000,0x0000000795580000)
 ParOldGen       total 1398272K, used 49K [0x00000006c0000000, 0x0000000715580000, 0x000000076ab00000)
  object space 1398272K, 0% used [0x00000006c0000000,0x00000006c000c628,0x0000000715580000)
 Metaspace       used 17289K, capacity 17398K, committed 17792K, reserved 1064960K
  class space    used 2001K, capacity 2051K, committed 2176K, reserved 1048576K
Event: 27.197 GC heap after
Heap after GC invocations=6 (full 0):
 PSYoungGen      total 692736K, used 5696K [0x000000076ab00000, 0x0000000795580000, 0x00000007c0000000)
  eden space 686080K, 0% used [0x000000076ab00000,0x000000076ab00000,0x0000000794900000)
  from space 6656K, 85% used [0x0000000794f00000,0x00000007954900a0,0x0000000795580000)
  to   space 6144K, 0% used [0x0000000794900000,0x0000000794900000,0x0000000794f00000)
 ParOldGen       total 1398272K, used 65K [0x00000006c0000000, 0x0000000715580000, 0x000000076ab00000)
  object space 1398272K, 0% used [0x00000006c0000000,0x00000006c0010628,0x0000000715580000)
 Metaspace       used 17289K, capacity 17398K, committed 17792K, reserved 1064960K
  class space    used 2001K, capacity 2051K, committed 2176K, reserved 1048576K
}
Event: 28.187 GC heap before
{Heap before GC invocations=7 (full 0):
 PSYoungGen      total 692736K, used 691776K [0x000000076ab00000, 0x0000000795580000, 0x00000007c0000000)
  eden space 686080K, 100% used [0x000000076ab00000,0x0000000794900000,0x0000000794900000)
  from space 6656K, 85% used [0x0000000794f00000,0x00000007954900a0,0x0000000795580000)
  to   space 6144K, 0% used [0x0000000794900000,0x0000000794900000,0x0000000794f00000)
 ParOldGen       total 1398272K, used 69K [0x00000006c0000000, 0x0000000715580000, 0x000000076ab00000)
  object space 1398272K, 0% used [0x00000006c0000000,0x00000006c0011400,0x0000000715580000)
 Metaspace       used 17289K, capacity 17398K, committed 17792K, reserved 1064960K
  class space    used 2001K, capacity 2051K, committed 2176K, reserved 1048576K
Event: 28.194 GC heap after
Heap after GC invocations=7 (full 0):
 PSYoungGen      total 686592K, used 416K [0x000000076ab00000, 0x0000000795580000, 0x00000007c0000000)
  eden space 686080K, 0% used [0x000000076ab00000,0x000000076ab00000,0x0000000794900000)
  from space 512K, 81% used [0x0000000794900000,0x0000000794968000,0x0000000794980000)
  to   space 7680K, 0% used [0x0000000794e00000,0x0000000794e00000,0x0000000795580000)
 ParOldGen       total 1398272K, used 5851K [0x00000006c0000000, 0x0000000715580000, 0x000000076ab00000)
  object space 1398272K, 0% used [0x00000006c0000000,0x00000006c05b6f40,0x0000000715580000)
 Metaspace       used 17289K, capacity 17398K, committed 17792K, reserved 1064960K
  class space    used 2001K, capacity 2051K, committed 2176K, reserved 1048576K
}
Event: 29.199 GC heap before
{Heap before GC invocations=8 (full 0):
 PSYoungGen      total 686592K, used 686496K [0x000000076ab00000, 0x0000000795580000, 0x00000007c0000000)
  eden space 686080K, 100% used [0x000000076ab00000,0x0000000794900000,0x0000000794900000)
  from space 512K, 81% used [0x0000000794900000,0x0000000794968000,0x0000000794980000)
  to   space 7680K, 0% used [0x0000000794e00000,0x0000000794e00000,0x0000000795580000)
 ParOldGen       total 1398272K, used 5858K [0x00000006c0000000, 0x0000000715580000, 0x000000076ab00000)
  object space 1398272K, 0% used [0x00000006c0000000,0x00000006c05b8a38,0x0000000715580000)
 Metaspace       used 17306K, capacity 17462K, committed 17792K, reserved 1064960K
  class space    used 2003K, capacity 2051K, committed 2176K, reserved 1048576K
Event: 29.228 GC heap after
Heap after GC invocations=8 (full 0):
 PSYoungGen      total 690688K, used 352K [0x000000076ab00000, 0x00000007bf700000, 0x00000007c0000000)
  eden space 683008K, 0% used [0x000000076ab00000,0x000000076ab00000,0x0000000794600000)
  from space 7680K, 4% used [0x0000000794e00000,0x0000000794e58000,0x0000000795580000)
  to   space 8192K, 0% used [0x0000000794600000,0x0000000794600000,0x0000000794e00000)
 ParOldGen       total 1398272K, used 5874K [0x00000006c0000000, 0x0000000715580000, 0x000000076ab00000)
  object space 1398272K, 0% used [0x00000006c0000000,0x00000006c05bca38,0x0000000715580000)
 Metaspace       used 17306K, capacity 17462K, committed 17792K, reserved 1064960K
  class space    used 2003K, capacity 2051K, committed 2176K, reserved 1048576K
}
Event: 30.181 GC heap before
{Heap before GC invocations=9 (full 0):
 PSYoungGen      total 690688K, used 683360K [0x000000076ab00000, 0x00000007bf700000, 0x00000007c0000000)
  eden space 683008K, 100% used [0x000000076ab00000,0x0000000794600000,0x0000000794600000)
  from space 7680K, 4% used [0x0000000794e00000,0x0000000794e58000,0x0000000795580000)
  to   space 8192K, 0% used [0x0000000794600000,0x0000000794600000,0x0000000794e00000)
 ParOldGen       total 1398272K, used 5885K [0x00000006c0000000, 0x0000000715580000, 0x000000076ab00000)
  object space 1398272K, 0% used [0x00000006c0000000,0x00000006c05bf400,0x0000000715580000)
 Metaspace       used 17306K, capacity 17462K, committed 17792K, reserved 1064960K
  class space    used 2003K, capacity 2051K, committed 2176K, reserved 1048576K
Event: 30.183 GC heap after
Heap after GC invocations=9 (full 0):
 PSYoungGen      total 683520K, used 288K [0x000000076ab00000, 0x0000000795580000, 0x00000007c0000000)
  eden space 683008K, 0% used [0x000000076ab00000,0x000000076ab00000,0x0000000794600000)
  from space 512K, 56% used [0x0000000794600000,0x0000000794648000,0x0000000794680000)
  to   space 8704K, 0% used [0x0000000794d00000,0x0000000794d00000,0x0000000795580000)
 ParOldGen       total 1398272K, used 5901K [0x00000006c0000000, 0x0000000715580000, 0x000000076ab00000)
  object space 1398272K, 0% used [0x00000006c0000000,0x00000006c05c3400,0x0000000715580000)
 Metaspace       used 17306K, capacity 17462K, committed 17792K, reserved 1064960K
  class space    used 2003K, capacity 2051K, committed 2176K, reserved 1048576K
}

