# JRE version: OpenJDK Runtime Environment (8.0_31-b13) (build 1.8.0_31-b13)
# Java VM: OpenJDK 64-Bit Server VM (25.31-b07 mixed mode linux-amd64 compressed oops)
Heap:
 PSYoungGen      total 698368K, used 371574K [0x000000076ab00000, 0x0000000795580000, 0x00000007c0000000)
  eden space 697856K, 53% used [0x000000076ab00000,0x0000000781595998,0x0000000795480000)
  from space 512K, 56% used [0x0000000795500000,0x0000000795548000,0x0000000795580000)
  to   space 512K, 0% used [0x0000000795480000,0x0000000795480000,0x0000000795500000)
 ParOldGen       total 1398272K, used 6832K [0x00000006c0000000, 0x0000000715580000, 0x000000076ab00000)
  object space 1398272K, 0% used [0x00000006c0000000,0x00000006c06ac208,0x0000000715580000)
 Metaspace       used 17486K, capacity 17654K, committed 18048K, reserved 1064960K
  class space    used 2019K, capacity 2051K, committed 2176K, reserved 1048576K
GC Heap History (10 events):
Event: 146.546 GC heap before
{Heap before GC invocations=142 (full 0):
 PSYoungGen      total 698368K, used 698144K [0x000000076ab00000, 0x0000000795580000, 0x00000007c0000000)
  eden space 697856K, 100% used [0x000000076ab00000,0x0000000795480000,0x0000000795480000)
  from space 512K, 56% used [0x0000000795480000,0x00000007954c8000,0x0000000795500000)
  to   space 512K, 0% used [0x0000000795500000,0x0000000795500000,0x0000000795580000)
 ParOldGen       total 1398272K, used 6787K [0x00000006c0000000, 0x0000000715580000, 0x000000076ab00000)
  object space 1398272K, 0% used [0x00000006c0000000,0x00000006c06a0fc0,0x0000000715580000)
 Metaspace       used 17486K, capacity 17654K, committed 18048K, reserved 1064960K
  class space    used 2019K, capacity 2051K, committed 2176K, reserved 1048576K
Event: 146.548 GC heap after
Heap after GC invocations=142 (full 0):
 PSYoungGen      total 698368K, used 288K [0x000000076ab00000, 0x0000000795580000, 0x00000007c0000000)
  eden space 697856K, 0% used [0x000000076ab00000,0x000000076ab00000,0x0000000795480000)
  from space 512K, 56% used [0x0000000795500000,0x0000000795548000,0x0000000795580000)
  to   space 512K, 0% used [0x0000000795480000,0x0000000795480000,0x0000000795500000)
 ParOldGen       total 1398272K, used 6795K [0x00000006c0000000, 0x0000000715580000, 0x000000076ab00000)
  object space 1398272K, 0% used [0x00000006c0000000,0x00000006c06a2fc0,0x0000000715580000)
 Metaspace       used 17486K, capacity 17654K, committed 18048K, reserved 1064960K
  class space    used 2019K, capacity 2051K, committed 2176K, reserved 1048576K
}
Event: 147.551 GC heap before
{Heap before GC invocations=143 (full 0):
 PSYoungGen      total 698368K, used 698144K [0x000000076ab00000, 0x0000000795580000, 0x00000007c0000000)
  eden space 697856K, 100% used [0x000000076ab00000,0x0000000795480000,0x0000000795480000)
  from space 512K, 56% used [0x0000000795500000,0x0000000795548000,0x0000000795580000)
  to   space 512K, 0% used [0x0000000795480000,0x0000000795480000,0x0000000795500000)
 ParOldGen       total 1398272K, used 6795K [0x00000006c0000000, 0x0000000715580000, 0x000000076ab00000)
  object space 1398272K, 0% used [0x00000006c0000000,0x00000006c06a2fc0,0x0000000715580000)
 Metaspace       used 17486K, capacity 17654K, committed 18048K, reserved 1064960K
  class space    used 2019K, capacity 2051K, committed 2176K, reserved 1048576K
Event: 147.553 GC heap after
Heap after GC invocations=143 (full 0):
 PSYoungGen      total 698368K, used 288K [0x000000076ab00000, 0x0000000795580000, 0x00000007c0000000)
  eden space 697856K, 0% used [0x000000076ab00000,0x000000076ab00000,0x0000000795480000)
  from space 512K, 56% used [0x0000000795480000,0x00000007954c8000,0x0000000795500000)
  to   space 512K, 0% used [0x0000000795500000,0x0000000795500000,0x0000000795580000)
 ParOldGen       total 1398272K, used 6803K [0x00000006c0000000, 0x0000000715580000, 0x000000076ab00000)
  object space 1398272K, 0% used [0x00000006c0000000,0x00000006c06a4fc0,0x0000000715580000)
 Metaspace       used 17486K, capacity 17654K, committed 18048K, reserved 1064960K
  class space    used 2019K, capacity 2051K, committed 2176K, reserved 1048576K
}
Event: 148.528 GC heap before
{Heap before GC invocations=144 (full 0):
 PSYoungGen      total 698368K, used 698144K [0x000000076ab00000, 0x0000000795580000, 0x00000007c0000000)
  eden space 697856K, 100% used [0x000000076ab00000,0x0000000795480000,0x0000000795480000)
  from space 512K, 56% used [0x0000000795480000,0x00000007954c8000,0x0000000795500000)
  to   space 512K, 0% used [0x0000000795500000,0x0000000795500000,0x0000000795580000)
 ParOldGen       total 1398272K, used 6803K [0x00000006c0000000, 0x0000000715580000, 0x000000076ab00000)
  object space 1398272K, 0% used [0x00000006c0000000,0x00000006c06a4fc0,0x0000000715580000)
 Metaspace       used 17486K, capacity 17654K, committed 18048K, reserved 1064960K
  class space    used 2019K, capacity 2051K, committed 2176K, reserved 1048576K
Event: 148.531 GC heap after
Heap after GC invocations=144 (full 0):
 PSYoungGen      total 698368K, used 288K [0x000000076ab00000, 0x0000000795580000, 0x00000007c0000000)
  eden space 697856K, 0% used [0x000000076ab00000,0x000000076ab00000,0x0000000795480000)
  from space 512K, 56% used [0x0000000795500000,0x0000000795548000,0x0000000795580000)
  to   space 512K, 0% used [0x0000000795480000,0x0000000795480000,0x0000000795500000)
 ParOldGen       total 1398272K, used 6811K [0x00000006c0000000, 0x0000000715580000, 0x000000076ab00000)
  object space 1398272K, 0% used [0x00000006c0000000,0x00000006c06a6fc0,0x0000000715580000)
 Metaspace       used 17486K, capacity 17654K, committed 18048K, reserved 1064960K
  class space    used 2019K, capacity 2051K, committed 2176K, reserved 1048576K
}
Event: 149.522 GC heap before
{Heap before GC invocations=145 (full 0):
 PSYoungGen      total 698368K, used 698144K [0x000000076ab00000, 0x0000000795580000, 0x00000007c0000000)
  eden space 697856K, 100% used [0x000000076ab00000,0x0000000795480000,0x0000000795480000)
  from space 512K, 56% used [0x0000000795500000,0x0000000795548000,0x0000000795580000)
  to   space 512K, 0% used [0x0000000795480000,0x0000000795480000,0x0000000795500000)
 ParOldGen       total 1398272K, used 6821K [0x00000006c0000000, 0x0000000715580000, 0x000000076ab00000)
  object space 1398272K, 0% used [0x00000006c0000000,0x00000006c06a9748,0x0000000715580000)
 Metaspace       used 17486K, capacity 17654K, committed 18048K, reserved 1064960K
  class space    used 2019K, capacity 2051K, committed 2176K, reserved 1048576K
Event: 149.524 GC heap after
Heap after GC invocations=145 (full 0):
 PSYoungGen      total 698368K, used 288K [0x000000076ab00000, 0x0000000795580000, 0x00000007c0000000)
  eden space 697856K, 0% used [0x000000076ab00000,0x000000076ab00000,0x0000000795480000)
  from space 512K, 56% used [0x0000000795480000,0x00000007954c8000,0x0000000795500000)
  to   space 512K, 0% used [0x0000000795500000,0x0000000795500000,0x0000000795580000)
 ParOldGen       total 1398272K, used 6829K [0x00000006c0000000, 0x0000000715580000, 0x000000076ab00000)
  object space 1398272K, 0% used [0x00000006c0000000,0x00000006c06ab748,0x0000000715580000)
 Metaspace       used 17486K, capacity 17654K, committed 18048K, reserved 1064960K
  class space    used 2019K, capacity 2051K, committed 2176K, reserved 1048576K
}
Event: 150.491 GC heap before
{Heap before GC invocations=146 (full 0):
 PSYoungGen      total 698368K, used 698144K [0x000000076ab00000, 0x0000000795580000, 0x00000007c0000000)
  eden space 697856K, 100% used [0x000000076ab00000,0x0000000795480000,0x0000000795480000)
  from space 512K, 56% used [0x0000000795480000,0x00000007954c8000,0x0000000795500000)
  to   space 512K, 0% used [0x0000000795500000,0x0000000795500000,0x0000000795580000)
 ParOldGen       total 1398272K, used 6832K [0x00000006c0000000, 0x0000000715580000, 0x000000076ab00000)
  object space 1398272K, 0% used [0x00000006c0000000,0x00000006c06ac208,0x0000000715580000)
 Metaspace       used 17486K, capacity 17654K, committed 18048K, reserved 1064960K
  class space    used 2019K, capacity 2051K, committed 2176K, reserved 1048576K
Event: 150.493 GC heap after
Heap after GC invocations=146 (full 0):
 PSYoungGen      total 698368K, used 288K [0x000000076ab00000, 0x0000000795580000, 0x00000007c0000000)
  eden space 697856K, 0% used [0x000000076ab00000,0x000000076ab00000,0x0000000795480000)
  from space 512K, 56% used [0x0000000795500000,0x0000000795548000,0x0000000795580000)
  to   space 512K, 0% used [0x0000000795480000,0x0000000795480000,0x0000000795500000)
 ParOldGen       total 1398272K, used 6832K [0x00000006c0000000, 0x0000000715580000, 0x000000076ab00000)
  object space 1398272K, 0% used [0x00000006c0000000,0x00000006c06ac208,0x0000000715580000)
 Metaspace       used 17486K, capacity 17654K, committed 18048K, reserved 1064960K
  class space    used 2019K, capacity 2051K, committed 2176K, reserved 1048576K
}

