# JRE version: OpenJDK Runtime Environment (8.0_20-b23) (build 1.8.0_20-b23)
# Java VM: OpenJDK 64-Bit Server VM (25.20-b22 mixed mode linux-amd64 compressed oops)
Heap:
 PSYoungGen      total 187392K, used 159034K [0x00000000d6d00000, 0x00000000eef00000, 0x0000000100000000)
  eden space 186880K, 85% used [0x00000000d6d00000,0x00000000e083ea58,0x00000000e2380000)
  from space 512K, 12% used [0x00000000eee80000,0x00000000eee90000,0x00000000eef00000)
  to   space 5120K, 0% used [0x00000000ee500000,0x00000000ee500000,0x00000000eea00000)
 ParOldGen       total 84992K, used 55014K [0x0000000084600000, 0x0000000089900000, 0x00000000d6d00000)
  object space 84992K, 64% used [0x0000000084600000,0x0000000087bb99d0,0x0000000089900000)
 Metaspace       used 16930K, capacity 17078K, committed 17280K, reserved 1064960K
  class space    used 1989K, capacity 2051K, committed 2176K, reserved 1048576K
GC Heap History (10 events):
Event: 12.117 GC heap before
{Heap before GC invocations=12 (full 0):
 PSYoungGen      total 232448K, used 232064K [0x00000000d6d00000, 0x00000000efe00000, 0x0000000100000000)
  eden space 231936K, 100% used [0x00000000d6d00000,0x00000000e4f80000,0x00000000e4f80000)
  from space 512K, 25% used [0x00000000ef400000,0x00000000ef420000,0x00000000ef480000)
  to   space 5632K, 0% used [0x00000000ef880000,0x00000000ef880000,0x00000000efe00000)
 ParOldGen       total 84992K, used 54982K [0x0000000084600000, 0x0000000089900000, 0x00000000d6d00000)
  object space 84992K, 64% used [0x0000000084600000,0x0000000087bb19d0,0x0000000089900000)
 Metaspace       used 16866K, capacity 17078K, committed 17280K, reserved 1064960K
  class space    used 1988K, capacity 2051K, committed 2176K, reserved 1048576K
Event: 12.119 GC heap after
Heap after GC invocations=12 (full 0):
 PSYoungGen      total 222720K, used 96K [0x00000000d6d00000, 0x00000000ef900000, 0x0000000100000000)
  eden space 222208K, 0% used [0x00000000d6d00000,0x00000000d6d00000,0x00000000e4600000)
  from space 512K, 18% used [0x00000000ef880000,0x00000000ef898000,0x00000000ef900000)
  to   space 5632K, 0% used [0x00000000eee00000,0x00000000eee00000,0x00000000ef380000)
 ParOldGen       total 84992K, used 54998K [0x0000000084600000, 0x0000000089900000, 0x00000000d6d00000)
  object space 84992K, 64% used [0x0000000084600000,0x0000000087bb59d0,0x0000000089900000)
 Metaspace       used 16866K, capacity 17078K, committed 17280K, reserved 1064960K
  class space    used 1988K, capacity 2051K, committed 2176K, reserved 1048576K
}
Event: 13.089 GC heap before
{Heap before GC invocations=13 (full 0):
 PSYoungGen      total 222720K, used 222304K [0x00000000d6d00000, 0x00000000ef900000, 0x0000000100000000)
  eden space 222208K, 100% used [0x00000000d6d00000,0x00000000e4600000,0x00000000e4600000)
  from space 512K, 18% used [0x00000000ef880000,0x00000000ef898000,0x00000000ef900000)
  to   space 5632K, 0% used [0x00000000eee00000,0x00000000eee00000,0x00000000ef380000)
 ParOldGen       total 84992K, used 54998K [0x0000000084600000, 0x0000000089900000, 0x00000000d6d00000)
  object space 84992K, 64% used [0x0000000084600000,0x0000000087bb59d0,0x0000000089900000)
 Metaspace       used 16911K, capacity 17078K, committed 17280K, reserved 1064960K
  class space    used 1988K, capacity 2051K, committed 2176K, reserved 1048576K
Event: 13.090 GC heap after
Heap after GC invocations=13 (full 0):
 PSYoungGen      total 218624K, used 96K [0x00000000d6d00000, 0x00000000ef900000, 0x0000000100000000)
  eden space 212992K, 0% used [0x00000000d6d00000,0x00000000d6d00000,0x00000000e3d00000)
  from space 5632K, 1% used [0x00000000eee00000,0x00000000eee18000,0x00000000ef380000)
  to   space 5632K, 0% used [0x00000000ef380000,0x00000000ef380000,0x00000000ef900000)
 ParOldGen       total 84992K, used 55006K [0x0000000084600000, 0x0000000089900000, 0x00000000d6d00000)
  object space 84992K, 64% used [0x0000000084600000,0x0000000087bb79d0,0x0000000089900000)
 Metaspace       used 16911K, capacity 17078K, committed 17280K, reserved 1064960K
  class space    used 1988K, capacity 2051K, committed 2176K, reserved 1048576K
}
Event: 14.041 GC heap before
{Heap before GC invocations=14 (full 0):
 PSYoungGen      total 218624K, used 213088K [0x00000000d6d00000, 0x00000000ef900000, 0x0000000100000000)
  eden space 212992K, 100% used [0x00000000d6d00000,0x00000000e3d00000,0x00000000e3d00000)
  from space 5632K, 1% used [0x00000000eee00000,0x00000000eee18000,0x00000000ef380000)
  to   space 5632K, 0% used [0x00000000ef380000,0x00000000ef380000,0x00000000ef900000)
 ParOldGen       total 84992K, used 55006K [0x0000000084600000, 0x0000000089900000, 0x00000000d6d00000)
  object space 84992K, 64% used [0x0000000084600000,0x0000000087bb79d0,0x0000000089900000)
 Metaspace       used 16911K, capacity 17078K, committed 17280K, reserved 1064960K
  class space    used 1988K, capacity 2051K, committed 2176K, reserved 1048576K
Event: 14.043 GC heap after
Heap after GC invocations=14 (full 0):
 PSYoungGen      total 204288K, used 64K [0x00000000d6d00000, 0x00000000ef400000, 0x0000000100000000)
  eden space 203776K, 0% used [0x00000000d6d00000,0x00000000d6d00000,0x00000000e3400000)
  from space 512K, 12% used [0x00000000ef380000,0x00000000ef390000,0x00000000ef400000)
  to   space 5632K, 0% used [0x00000000ee900000,0x00000000ee900000,0x00000000eee80000)
 ParOldGen       total 84992K, used 55014K [0x0000000084600000, 0x0000000089900000, 0x00000000d6d00000)
  object space 84992K, 64% used [0x0000000084600000,0x0000000087bb99d0,0x0000000089900000)
 Metaspace       used 16911K, capacity 17078K, committed 17280K, reserved 1064960K
  class space    used 1988K, capacity 2051K, committed 2176K, reserved 1048576K
}
Event: 14.976 GC heap before
{Heap before GC invocations=15 (full 0):
 PSYoungGen      total 204288K, used 203840K [0x00000000d6d00000, 0x00000000ef400000, 0x0000000100000000)
  eden space 203776K, 100% used [0x00000000d6d00000,0x00000000e3400000,0x00000000e3400000)
  from space 512K, 12% used [0x00000000ef380000,0x00000000ef390000,0x00000000ef400000)
  to   space 5632K, 0% used [0x00000000ee900000,0x00000000ee900000,0x00000000eee80000)
 ParOldGen       total 84992K, used 55014K [0x0000000084600000, 0x0000000089900000, 0x00000000d6d00000)
  object space 84992K, 64% used [0x0000000084600000,0x0000000087bb99d0,0x0000000089900000)
 Metaspace       used 16911K, capacity 17078K, committed 17280K, reserved 1064960K
  class space    used 1988K, capacity 2051K, committed 2176K, reserved 1048576K
Event: 14.977 GC heap after
Heap after GC invocations=15 (full 0):
 PSYoungGen      total 200704K, used 64K [0x00000000d6d00000, 0x00000000ef400000, 0x0000000100000000)
  eden space 195072K, 0% used [0x00000000d6d00000,0x00000000d6d00000,0x00000000e2b80000)
  from space 5632K, 1% used [0x00000000ee900000,0x00000000ee910000,0x00000000eee80000)
  to   space 5632K, 0% used [0x00000000eee80000,0x00000000eee80000,0x00000000ef400000)
 ParOldGen       total 84992K, used 55014K [0x0000000084600000, 0x0000000089900000, 0x00000000d6d00000)
  object space 84992K, 64% used [0x0000000084600000,0x0000000087bb99d0,0x0000000089900000)
 Metaspace       used 16911K, capacity 17078K, committed 17280K, reserved 1064960K
  class space    used 1988K, capacity 2051K, committed 2176K, reserved 1048576K
}
Event: 15.920 GC heap before
{Heap before GC invocations=16 (full 0):
 PSYoungGen      total 200704K, used 195136K [0x00000000d6d00000, 0x00000000ef400000, 0x0000000100000000)
  eden space 195072K, 100% used [0x00000000d6d00000,0x00000000e2b80000,0x00000000e2b80000)
  from space 5632K, 1% used [0x00000000ee900000,0x00000000ee910000,0x00000000eee80000)
  to   space 5632K, 0% used [0x00000000eee80000,0x00000000eee80000,0x00000000ef400000)
 ParOldGen       total 84992K, used 55014K [0x0000000084600000, 0x0000000089900000, 0x00000000d6d00000)
  object space 84992K, 64% used [0x0000000084600000,0x0000000087bb99d0,0x0000000089900000)
 Metaspace       used 16911K, capacity 17078K, committed 17280K, reserved 1064960K
  class space    used 1988K, capacity 2051K, committed 2176K, reserved 1048576K
Event: 15.921 GC heap after
Heap after GC invocations=16 (full 0):
 PSYoungGen      total 187392K, used 64K [0x00000000d6d00000, 0x00000000eef00000, 0x0000000100000000)
  eden space 186880K, 0% used [0x00000000d6d00000,0x00000000d6d00000,0x00000000e2380000)
  from space 512K, 12% used [0x00000000eee80000,0x00000000eee90000,0x00000000eef00000)
  to   space 5120K, 0% used [0x00000000ee500000,0x00000000ee500000,0x00000000eea00000)
 ParOldGen       total 84992K, used 55014K [0x0000000084600000, 0x0000000089900000, 0x00000000d6d00000)
  object space 84992K, 64% used [0x0000000084600000,0x0000000087bb99d0,0x0000000089900000)
 Metaspace       used 16911K, capacity 17078K, committed 17280K, reserved 1064960K
  class space    used 1988K, capacity 2051K, committed 2176K, reserved 1048576K
}

